c:\users\ayush\source\repos\sidd-kishan\roscos\render-only-sample\roskmd\arm64\debug\roskmd.pch
c:\users\ayush\source\repos\sidd-kishan\roscos\render-only-sample\roskmd\arm64\debug\vc143.pdb
c:\users\ayush\source\repos\sidd-kishan\roscos\render-only-sample\roskmd\arm64\debug\precomp.obj
c:\users\ayush\source\repos\sidd-kishan\roscos\render-only-sample\roskmd\arm64\debug\vc4display.obj
c:\users\ayush\source\repos\sidd-kishan\roscos\render-only-sample\roskmd\arm64\debug\vc4debug.obj
c:\users\ayush\source\repos\sidd-kishan\roscos\render-only-sample\roskmd\arm64\debug\roskmdlogging.obj
c:\users\ayush\source\repos\sidd-kishan\roscos\render-only-sample\roskmd\arm64\debug\roskmdpower.obj
c:\users\ayush\source\repos\sidd-kishan\roscos\render-only-sample\roskmd\arm64\debug\roskmdutil.obj
c:\users\ayush\source\repos\sidd-kishan\roscos\render-only-sample\roskmd\arm64\debug\roskmdsoftadapter.obj
c:\users\ayush\source\repos\sidd-kishan\roscos\render-only-sample\roskmd\arm64\debug\roskmdrapadapter.obj
c:\users\ayush\source\repos\sidd-kishan\roscos\render-only-sample\roskmd\arm64\debug\roskmdglobal.obj
c:\users\ayush\source\repos\sidd-kishan\roscos\render-only-sample\roskmd\arm64\debug\roskmddevice.obj
c:\users\ayush\source\repos\sidd-kishan\roscos\render-only-sample\roskmd\arm64\debug\roskmdddi.obj
c:\users\ayush\source\repos\sidd-kishan\roscos\render-only-sample\roskmd\arm64\debug\roskmdcontext.obj
c:\users\ayush\source\repos\sidd-kishan\roscos\render-only-sample\roskmd\arm64\debug\roskmdadapter.obj
c:\users\ayush\source\repos\sidd-kishan\roscos\render-only-sample\roskmd\arm64\debug\roskmdacpi.obj
c:\users\ayush\source\repos\sidd-kishan\roscos\render-only-sample\arm64\debug\roskmd.sys
c:\users\ayush\source\repos\sidd-kishan\roscos\render-only-sample\arm64\debug\roskmd.pdb
c:\users\ayush\source\repos\sidd-kishan\roscos\render-only-sample\roskmd\arm64\debug\precomp.tmh
c:\users\ayush\source\repos\sidd-kishan\roscos\render-only-sample\roskmd\arm64\debug\roskmdacpi.tmh
c:\users\ayush\source\repos\sidd-kishan\roscos\render-only-sample\roskmd\arm64\debug\roskmdadapter.tmh
c:\users\ayush\source\repos\sidd-kishan\roscos\render-only-sample\roskmd\arm64\debug\roskmdcontext.tmh
c:\users\ayush\source\repos\sidd-kishan\roscos\render-only-sample\roskmd\arm64\debug\roskmdddi.tmh
c:\users\ayush\source\repos\sidd-kishan\roscos\render-only-sample\roskmd\arm64\debug\roskmddevice.tmh
c:\users\ayush\source\repos\sidd-kishan\roscos\render-only-sample\roskmd\arm64\debug\roskmdglobal.tmh
c:\users\ayush\source\repos\sidd-kishan\roscos\render-only-sample\roskmd\arm64\debug\roskmdlogging.tmh
c:\users\ayush\source\repos\sidd-kishan\roscos\render-only-sample\roskmd\arm64\debug\roskmdpower.tmh
c:\users\ayush\source\repos\sidd-kishan\roscos\render-only-sample\roskmd\arm64\debug\roskmdrapadapter.tmh
c:\users\ayush\source\repos\sidd-kishan\roscos\render-only-sample\roskmd\arm64\debug\roskmdsoftadapter.tmh
c:\users\ayush\source\repos\sidd-kishan\roscos\render-only-sample\roskmd\arm64\debug\roskmdutil.tmh
c:\users\ayush\source\repos\sidd-kishan\roscos\render-only-sample\roskmd\arm64\debug\vc4debug.tmh
c:\users\ayush\source\repos\sidd-kishan\roscos\render-only-sample\roskmd\arm64\debug\vc4display.tmh
c:\users\ayush\source\repos\sidd-kishan\roscos\render-only-sample\roskmd\arm64\debug\roskmd.iobj
c:\users\ayush\source\repos\sidd-kishan\roscos\render-only-sample\arm64\debug\roskmd.cer
c:\users\ayush\source\repos\sidd-kishan\roscos\render-only-sample\roskmd\arm64\debug\roskmd.tlog\cl.command.1.tlog
c:\users\ayush\source\repos\sidd-kishan\roscos\render-only-sample\roskmd\arm64\debug\roskmd.tlog\cl.items.tlog
c:\users\ayush\source\repos\sidd-kishan\roscos\render-only-sample\roskmd\arm64\debug\roskmd.tlog\cl.read.1.tlog
c:\users\ayush\source\repos\sidd-kishan\roscos\render-only-sample\roskmd\arm64\debug\roskmd.tlog\cl.write.1.tlog
c:\users\ayush\source\repos\sidd-kishan\roscos\render-only-sample\roskmd\arm64\debug\roskmd.tlog\link.command.1.tlog
c:\users\ayush\source\repos\sidd-kishan\roscos\render-only-sample\roskmd\arm64\debug\roskmd.tlog\link.read.1.tlog
c:\users\ayush\source\repos\sidd-kishan\roscos\render-only-sample\roskmd\arm64\debug\roskmd.tlog\link.secondary.1.tlog
c:\users\ayush\source\repos\sidd-kishan\roscos\render-only-sample\roskmd\arm64\debug\roskmd.tlog\link.write.1.tlog
c:\users\ayush\source\repos\sidd-kishan\roscos\render-only-sample\roskmd\arm64\debug\roskmd.tlog\signtool.command.1.tlog
c:\users\ayush\source\repos\sidd-kishan\roscos\render-only-sample\roskmd\arm64\debug\roskmd.tlog\signtool.read.1.tlog
c:\users\ayush\source\repos\sidd-kishan\roscos\render-only-sample\roskmd\arm64\debug\roskmd.tlog\signtool.timestamp.1.tlog
c:\users\ayush\source\repos\sidd-kishan\roscos\render-only-sample\roskmd\arm64\debug\roskmd.tlog\signtool.write.1.tlog
c:\users\ayush\source\repos\sidd-kishan\roscos\render-only-sample\roskmd\arm64\debug\roskmd.tlog\tracewpp.command.1.tlog
c:\users\ayush\source\repos\sidd-kishan\roscos\render-only-sample\roskmd\arm64\debug\roskmd.tlog\tracewpp.read.1.tlog
c:\users\ayush\source\repos\sidd-kishan\roscos\render-only-sample\roskmd\arm64\debug\roskmd.tlog\tracewpp.write.1.tlog
