c:\users\ayush\source\repos\sidd-kishan\roscos\render-only-sample\rosumd\arm64\debug\rosumd.pch
c:\users\ayush\source\repos\sidd-kishan\roscos\render-only-sample\rosumd\arm64\debug\vc143.pdb
c:\users\ayush\source\repos\sidd-kishan\roscos\render-only-sample\rosumd\arm64\debug\vc143.idb
c:\users\ayush\source\repos\sidd-kishan\roscos\render-only-sample\rosumd\arm64\debug\precomp.obj
c:\users\ayush\source\repos\sidd-kishan\roscos\render-only-sample\rosumd\arm64\debug\rosumdlogging.obj
c:\users\ayush\source\repos\sidd-kishan\roscos\render-only-sample\rosumd\arm64\debug\rosumdutil.obj
c:\users\ayush\source\repos\sidd-kishan\roscos\render-only-sample\rosumd\arm64\debug\rosumdshader.obj
c:\users\ayush\source\repos\sidd-kishan\roscos\render-only-sample\rosumd\arm64\debug\rosumdresource.obj
c:\users\ayush\source\repos\sidd-kishan\roscos\render-only-sample\rosumd\arm64\debug\rosumddeviceddi.obj
c:\users\ayush\source\repos\sidd-kishan\roscos\render-only-sample\rosumd\arm64\debug\rosumddevice.obj
c:\users\ayush\source\repos\sidd-kishan\roscos\render-only-sample\rosumd\arm64\debug\rosumdcommandbuffer.obj
c:\users\ayush\source\repos\sidd-kishan\roscos\render-only-sample\rosumd\arm64\debug\rosumdadapter.obj
c:\users\ayush\source\repos\sidd-kishan\roscos\render-only-sample\rosumd\arm64\debug\rosumd.obj
c:\users\ayush\source\repos\sidd-kishan\roscos\render-only-sample\rosumd\arm64\debug\pixlib.obj
c:\users\ayush\source\repos\sidd-kishan\roscos\render-only-sample\arm64\debug\rosumd.dll
c:\users\ayush\source\repos\sidd-kishan\roscos\render-only-sample\arm64\debug\rosumd.pdb
c:\users\ayush\source\repos\sidd-kishan\roscos\render-only-sample\arm64\debug\rosumd.lib
c:\users\ayush\source\repos\sidd-kishan\roscos\render-only-sample\arm64\debug\rosumd.exp
c:\users\ayush\source\repos\sidd-kishan\roscos\render-only-sample\rosumd\arm64\debug\rosumd.ilk
c:\users\ayush\source\repos\sidd-kishan\roscos\render-only-sample\rosumd\arm64\debug\rosumd.tlog\cl.command.1.tlog
c:\users\ayush\source\repos\sidd-kishan\roscos\render-only-sample\rosumd\arm64\debug\rosumd.tlog\cl.items.tlog
c:\users\ayush\source\repos\sidd-kishan\roscos\render-only-sample\rosumd\arm64\debug\rosumd.tlog\cl.read.1.tlog
c:\users\ayush\source\repos\sidd-kishan\roscos\render-only-sample\rosumd\arm64\debug\rosumd.tlog\cl.write.1.tlog
c:\users\ayush\source\repos\sidd-kishan\roscos\render-only-sample\rosumd\arm64\debug\rosumd.tlog\link.command.1.tlog
c:\users\ayush\source\repos\sidd-kishan\roscos\render-only-sample\rosumd\arm64\debug\rosumd.tlog\link.read.1.tlog
c:\users\ayush\source\repos\sidd-kishan\roscos\render-only-sample\rosumd\arm64\debug\rosumd.tlog\link.secondary.1.tlog
c:\users\ayush\source\repos\sidd-kishan\roscos\render-only-sample\rosumd\arm64\debug\rosumd.tlog\link.write.1.tlog
