  precomp.cpp
  pixlib.cpp
  RosUmd.cpp
C:\Users\ayush\source\repos\sidd-kishan\roscos\render-only-sample\roskmd\RosKmdLogging.h(266,17): warning C4100: 'format': unreferenced parameter
  (compiling source file '/RosUmd.cpp')
  
C:\Users\ayush\source\repos\sidd-kishan\roscos\render-only-sample\roskmd\RosKmdLogging.h(265,17): warning C4100: 'levelStr': unreferenced parameter
  (compiling source file '/RosUmd.cpp')
  
C:\Users\ayush\source\repos\sidd-kishan\roscos\render-only-sample\roskmd\RosKmdLogging.h(264,14): warning C4100: 'line': unreferenced parameter
  (compiling source file '/RosUmd.cpp')
  
C:\Users\ayush\source\repos\sidd-kishan\roscos\render-only-sample\roskmd\RosKmdLogging.h(263,17): warning C4100: 'file': unreferenced parameter
  (compiling source file '/RosUmd.cpp')
  
C:\Users\ayush\source\repos\sidd-kishan\roscos\render-only-sample\rosumd\RosUmd.cpp(29,13): warning C4003: not enough arguments for function-like macro invocation 'WPP_INIT_TRACING'
  (compiling source file '/RosUmd.cpp')
  
  RosUmdAdapter.cpp
  RosUmdCommandBuffer.cpp
  RosUmdDevice.cpp
C:\Users\ayush\source\repos\sidd-kishan\roscos\render-only-sample\roskmd\RosKmdLogging.h(266,17): warning C4100: 'format': unreferenced parameter
  (compiling source file '/RosUmdDevice.cpp')
  
C:\Users\ayush\source\repos\sidd-kishan\roscos\render-only-sample\roskmd\RosKmdLogging.h(265,17): warning C4100: 'levelStr': unreferenced parameter
  (compiling source file '/RosUmdDevice.cpp')
  
C:\Users\ayush\source\repos\sidd-kishan\roscos\render-only-sample\roskmd\RosKmdLogging.h(264,14): warning C4100: 'line': unreferenced parameter
  (compiling source file '/RosUmdDevice.cpp')
  
C:\Users\ayush\source\repos\sidd-kishan\roscos\render-only-sample\roskmd\RosKmdLogging.h(263,17): warning C4100: 'file': unreferenced parameter
  (compiling source file '/RosUmdDevice.cpp')
  
  RosUmdDeviceDdi.cpp
  RosUmdResource.cpp
C:\Users\ayush\source\repos\sidd-kishan\roscos\render-only-sample\roskmd\RosKmdLogging.h(266,17): warning C4100: 'format': unreferenced parameter
  (compiling source file '/RosUmdResource.cpp')
  
C:\Users\ayush\source\repos\sidd-kishan\roscos\render-only-sample\roskmd\RosKmdLogging.h(265,17): warning C4100: 'levelStr': unreferenced parameter
  (compiling source file '/RosUmdResource.cpp')
  
C:\Users\ayush\source\repos\sidd-kishan\roscos\render-only-sample\roskmd\RosKmdLogging.h(264,14): warning C4100: 'line': unreferenced parameter
  (compiling source file '/RosUmdResource.cpp')
  
C:\Users\ayush\source\repos\sidd-kishan\roscos\render-only-sample\roskmd\RosKmdLogging.h(263,17): warning C4100: 'file': unreferenced parameter
  (compiling source file '/RosUmdResource.cpp')
  
  RosUmdShader.cpp
  RosUmdUtil.cpp
  RosUmdLogging.cpp
  Generating Code...
     Creating library C:\Users\ayush\source\repos\sidd-kishan\roscos\render-only-sample\ARM64\Debug\rosumd.lib and object C:\Users\ayush\source\repos\sidd-kishan\roscos\render-only-sample\ARM64\Debug\rosumd.exp
  rosumd.vcxproj -> C:\Users\ayush\source\repos\sidd-kishan\roscos\render-only-sample\ARM64\Debug\rosumd.dll
